<?xml version="1.0" encoding="UTF-8"?>
<!-- Generated by org.testng.reporters.JUnitXMLReporter -->
<testsuite hostname="DESKTOP-3J8POV3" ignored="0" name="Test" tests="7" failures="1" timestamp="07 May 2020 07:09:31 GMT" time="86.042" errors="0">
  <testcase name="@BeforeMethod Setup" time="25.176" classname="com.qa.testcases.TestInsurancecomp">
    <failure type="org.openqa.selenium.TimeoutException" message="timeout: Timed out receiving message from renderer: 17.700
  (Session info: chrome=81.0.4044.129)
Build info: version: &amp;apos;3.141.59&amp;apos;, revision: &amp;apos;e82be7d358&amp;apos;, time: &amp;apos;2018-11-14T08:17:03&amp;apos;
System info: host: &amp;apos;DESKTOP-3J8POV3&amp;apos;, ip: &amp;apos;10.152.194.65&amp;apos;, os.name: &amp;apos;Windows 10&amp;apos;, os.arch: &amp;apos;amd64&amp;apos;, os.version: &amp;apos;10.0&amp;apos;, java.version: &amp;apos;1.8.0_191&amp;apos;
Driver info: org.openqa.selenium.chrome.ChromeDriver
Capabilities {acceptInsecureCerts: false, browserName: chrome, browserVersion: 81.0.4044.129, chrome: {chromedriverVersion: 81.0.4044.69 (6813546031a4b..., userDataDir: C:\Users\rudra\AppData\Loca...}, goog:chromeOptions: {debuggerAddress: localhost:52164}, javascriptEnabled: true, networkConnectionEnabled: false, pageLoadStrategy: normal, platform: WINDOWS, platformName: WINDOWS, proxy: Proxy(), setWindowRect: true, strictFileInteractability: false, timeouts: {implicit: 0, pageLoad: 300000, script: 30000}, unhandledPromptBehavior: dismiss and notify, webauthn:virtualAuthenticators: true}
Session ID: afdf08b8cef6bfb464b169199a4f8d83">
      <![CDATA[org.openqa.selenium.TimeoutException: timeout: Timed out receiving message from renderer: 17.700
  (Session info: chrome=81.0.4044.129)
Build info: version: '3.141.59', revision: 'e82be7d358', time: '2018-11-14T08:17:03'
System info: host: 'DESKTOP-3J8POV3', ip: '10.152.194.65', os.name: 'Windows 10', os.arch: 'amd64', os.version: '10.0', java.version: '1.8.0_191'
Driver info: org.openqa.selenium.chrome.ChromeDriver
Capabilities {acceptInsecureCerts: false, browserName: chrome, browserVersion: 81.0.4044.129, chrome: {chromedriverVersion: 81.0.4044.69 (6813546031a4b..., userDataDir: C:\Users\rudra\AppData\Loca...}, goog:chromeOptions: {debuggerAddress: localhost:52164}, javascriptEnabled: true, networkConnectionEnabled: false, pageLoadStrategy: normal, platform: WINDOWS, platformName: WINDOWS, proxy: Proxy(), setWindowRect: true, strictFileInteractability: false, timeouts: {implicit: 0, pageLoad: 300000, script: 30000}, unhandledPromptBehavior: dismiss and notify, webauthn:virtualAuthenticators: true}
Session ID: afdf08b8cef6bfb464b169199a4f8d83
at org.openqa.selenium.remote.http.W3CHttpResponseCodec.createException(W3CHttpResponseCodec.java:187)
at org.openqa.selenium.remote.http.W3CHttpResponseCodec.decode(W3CHttpResponseCodec.java:122)
at org.openqa.selenium.remote.http.W3CHttpResponseCodec.decode(W3CHttpResponseCodec.java:49)
at org.openqa.selenium.remote.HttpCommandExecutor.execute(HttpCommandExecutor.java:158)
at org.openqa.selenium.remote.service.DriverCommandExecutor.execute(DriverCommandExecutor.java:83)
at org.openqa.selenium.remote.RemoteWebDriver.execute(RemoteWebDriver.java:552)
at org.openqa.selenium.remote.RemoteWebDriver.get(RemoteWebDriver.java:277)
at com.qa.testcases.TestInsurancecomp.Setup(TestInsurancecomp.java:33)
... Removed 32 stack frames]]>
    </failure>
  </testcase> <!-- @BeforeMethod Setup -->
  <testcase name="@AfterMethod afterstate" time="0.0" classname="com.qa.testcases.TestInsurancecomp">
    <skipped/>
  </testcase> <!-- @AfterMethod afterstate -->
  <testcase name="@BeforeMethod Setup" time="0.0" classname="com.qa.testcases.TestInsurancecomp">
    <skipped/>
  </testcase> <!-- @BeforeMethod Setup -->
  <testcase name="@AfterMethod afterstate" time="0.0" classname="com.qa.testcases.TestInsurancecomp">
    <skipped/>
  </testcase> <!-- @AfterMethod afterstate -->
  <testcase name="@BeforeMethod Setup" time="0.0" classname="com.qa.testcases.TestInsurancecomp">
    <skipped/>
  </testcase> <!-- @BeforeMethod Setup -->
  <testcase name="@AfterMethod afterstate" time="0.0" classname="com.qa.testcases.TestInsurancecomp">
    <skipped/>
  </testcase> <!-- @AfterMethod afterstate -->
  <testcase name="@BeforeMethod Setup" time="0.0" classname="com.qa.testcases.TestInsurancecomp">
    <skipped/>
  </testcase> <!-- @BeforeMethod Setup -->
  <testcase name="@AfterMethod afterstate" time="0.0" classname="com.qa.testcases.TestInsurancecomp">
    <skipped/>
  </testcase> <!-- @AfterMethod afterstate -->
  <testcase name="@BeforeMethod Setup" time="0.0" classname="com.qa.testcases.TestInsurancecomp">
    <skipped/>
  </testcase> <!-- @BeforeMethod Setup -->
  <testcase name="@AfterMethod afterstate" time="0.0" classname="com.qa.testcases.TestInsurancecomp">
    <skipped/>
  </testcase> <!-- @AfterMethod afterstate -->
  <testcase name="RatingstarsLitup" time="30.1" classname="com.qa.testcases.TestInsurancecomp">
    <failure type="org.openqa.selenium.NoSuchElementException" message="no such element: Unable to locate element: {&amp;quot;method&amp;quot;:&amp;quot;xpath&amp;quot;,&amp;quot;selector&amp;quot;:&amp;quot;//*[@id=&amp;apos;reviews-section&amp;apos;]/div[1]/div[3]/review-star/div&amp;quot;}
  (Session info: chrome=81.0.4044.129)
For documentation on this error, please visit: https://www.seleniumhq.org/exceptions/no_such_element.html
Build info: version: &amp;apos;3.141.59&amp;apos;, revision: &amp;apos;e82be7d358&amp;apos;, time: &amp;apos;2018-11-14T08:17:03&amp;apos;
System info: host: &amp;apos;DESKTOP-3J8POV3&amp;apos;, ip: &amp;apos;10.152.194.65&amp;apos;, os.name: &amp;apos;Windows 10&amp;apos;, os.arch: &amp;apos;amd64&amp;apos;, os.version: &amp;apos;10.0&amp;apos;, java.version: &amp;apos;1.8.0_191&amp;apos;
Driver info: org.openqa.selenium.chrome.ChromeDriver
Capabilities {acceptInsecureCerts: false, browserName: chrome, browserVersion: 81.0.4044.129, chrome: {chromedriverVersion: 81.0.4044.69 (6813546031a4b..., userDataDir: C:\Users\rudra\AppData\Loca...}, goog:chromeOptions: {debuggerAddress: localhost:52075}, javascriptEnabled: true, networkConnectionEnabled: false, pageLoadStrategy: normal, platform: WINDOWS, platformName: WINDOWS, proxy: Proxy(), setWindowRect: true, strictFileInteractability: false, timeouts: {implicit: 0, pageLoad: 300000, script: 30000}, unhandledPromptBehavior: dismiss and notify, webauthn:virtualAuthenticators: true}
Session ID: 4922bba8b3ede90b3521623192f29a5c
*** Element info: {Using=xpath, value=//*[@id=&amp;apos;reviews-section&amp;apos;]/div[1]/div[3]/review-star/div}">
      <![CDATA[org.openqa.selenium.NoSuchElementException: no such element: Unable to locate element: {"method":"xpath","selector":"//*[@id='reviews-section']/div[1]/div[3]/review-star/div"}
  (Session info: chrome=81.0.4044.129)
For documentation on this error, please visit: https://www.seleniumhq.org/exceptions/no_such_element.html
Build info: version: '3.141.59', revision: 'e82be7d358', time: '2018-11-14T08:17:03'
System info: host: 'DESKTOP-3J8POV3', ip: '10.152.194.65', os.name: 'Windows 10', os.arch: 'amd64', os.version: '10.0', java.version: '1.8.0_191'
Driver info: org.openqa.selenium.chrome.ChromeDriver
Capabilities {acceptInsecureCerts: false, browserName: chrome, browserVersion: 81.0.4044.129, chrome: {chromedriverVersion: 81.0.4044.69 (6813546031a4b..., userDataDir: C:\Users\rudra\AppData\Loca...}, goog:chromeOptions: {debuggerAddress: localhost:52075}, javascriptEnabled: true, networkConnectionEnabled: false, pageLoadStrategy: normal, platform: WINDOWS, platformName: WINDOWS, proxy: Proxy(), setWindowRect: true, strictFileInteractability: false, timeouts: {implicit: 0, pageLoad: 300000, script: 30000}, unhandledPromptBehavior: dismiss and notify, webauthn:virtualAuthenticators: true}
Session ID: 4922bba8b3ede90b3521623192f29a5c
*** Element info: {Using=xpath, value=//*[@id='reviews-section']/div[1]/div[3]/review-star/div}
at org.openqa.selenium.remote.http.W3CHttpResponseCodec.createException(W3CHttpResponseCodec.java:187)
at org.openqa.selenium.remote.http.W3CHttpResponseCodec.decode(W3CHttpResponseCodec.java:122)
at org.openqa.selenium.remote.http.W3CHttpResponseCodec.decode(W3CHttpResponseCodec.java:49)
at org.openqa.selenium.remote.HttpCommandExecutor.execute(HttpCommandExecutor.java:158)
at org.openqa.selenium.remote.service.DriverCommandExecutor.execute(DriverCommandExecutor.java:83)
at org.openqa.selenium.remote.RemoteWebDriver.execute(RemoteWebDriver.java:552)
at org.openqa.selenium.remote.RemoteWebDriver.findElement(RemoteWebDriver.java:323)
at org.openqa.selenium.remote.RemoteWebDriver.findElementByXPath(RemoteWebDriver.java:428)
at org.openqa.selenium.By$ByXPath.findElement(By.java:353)
at org.openqa.selenium.remote.RemoteWebDriver.findElement(RemoteWebDriver.java:315)
at com.qa.pages.ProjHomePage.HoveroverReviewstars(ProjHomePage.java:28)
at com.qa.testcases.TestInsurancecomp.RatingstarsLitup(TestInsurancecomp.java:58)
... Removed 29 stack frames]]>
    </failure>
  </testcase> <!-- RatingstarsLitup -->
  <testcase name="RatingstarsLitup" time="0.0" classname="com.qa.testcases.TestInsurancecomp">
    <skipped/>
  </testcase> <!-- RatingstarsLitup -->
  <testcase name="RatingstarsLitup" time="0.0" classname="com.qa.testcases.TestInsurancecomp">
    <skipped/>
  </testcase> <!-- RatingstarsLitup -->
  <testcase name="RatingstarsLitup" time="0.0" classname="com.qa.testcases.TestInsurancecomp">
    <skipped/>
  </testcase> <!-- RatingstarsLitup -->
  <testcase name="RatingstarsLitup" time="0.0" classname="com.qa.testcases.TestInsurancecomp">
    <skipped/>
  </testcase> <!-- RatingstarsLitup -->
  <testcase name="SubmitReview" time="0.0" classname="com.qa.testcases.TestInsurancecomp">
    <skipped/>
  </testcase> <!-- SubmitReview -->
  <testcase name="ProfileReviewchk" time="0.0" classname="com.qa.testcases.TestInsurancecomp">
    <skipped/>
  </testcase> <!-- ProfileReviewchk -->
</testsuite> <!-- Test -->
